Build started 17.03.2018 16:11:09.
     1>Project "D:\programming_labs\PP_open_mp\parprog-2018-1\groups\1506-2\tsirulev_as\1-test-version\solver\solver_01\solver_01\solver_01.vcxproj" on node 2 (Build target(s)).
     1>ClCompile:
         C:\Program Files (x86)\Microsoft Visual Studio 11.0\VC\bin\CL.exe /c /Zi /nologo /W3 /WX- /O2 /Oi /Oy- /GL /D WIN32 /D NDEBUG /D _CONSOLE /D _UNICODE /D UNICODE /Gm- /EHsc /MD /GS /Gy /fp:precise /Zc:wchar_t /Zc:forScope /Fo"Release\\" /Fd"Release\vc110.pdb" /Gd /TP /analyze- /errorReport:prompt Source.cpp
         Source.cpp
     1>Source.cpp(123): warning C4018: '<' : signed/unsigned mismatch
     1>Source.cpp(129): warning C4018: '<' : signed/unsigned mismatch
     1>Source.cpp(146): warning C4996: 'fopen': This function or variable may be unsafe. Consider using fopen_s instead. To disable deprecation, use _CRT_SECURE_NO_WARNINGS. See online help for details.
                 C:\Program Files (x86)\Microsoft Visual Studio 11.0\VC\include\stdio.h(218) : see declaration of 'fopen'
     1>Source.cpp(185): warning C4996: 'fopen': This function or variable may be unsafe. Consider using fopen_s instead. To disable deprecation, use _CRT_SECURE_NO_WARNINGS. See online help for details.
                 C:\Program Files (x86)\Microsoft Visual Studio 11.0\VC\include\stdio.h(218) : see declaration of 'fopen'
     1>Source.cpp(138): warning C4101: 'Index' : unreferenced local variable
     1>Source.cpp(138): warning C4101: 'not_null_elements_in_one_col' : unreferenced local variable
     1>Source.cpp(147): warning C4101: 'buf_Row' : unreferenced local variable
     1>Source.cpp(147): warning C4101: 'buf_Ind' : unreferenced local variable
     1>Source.cpp(148): warning C4101: 'buf_d' : unreferenced local variable
     1>Source.cpp(138): warning C4101: 'k' : unreferenced local variable
     1>Source.cpp(138): warning C4101: 'm_size' : unreferenced local variable
       Link:
         C:\Program Files (x86)\Microsoft Visual Studio 11.0\VC\bin\link.exe /ERRORREPORT:PROMPT /OUT:"D:\programming_labs\PP_open_mp\parprog-2018-1\groups\1506-2\tsirulev_as\1-test-version\solver\solver_01\Release\solver_01.exe" /INCREMENTAL:NO /NOLOGO kernel32.lib user32.lib gdi32.lib winspool.lib comdlg32.lib advapi32.lib shell32.lib ole32.lib oleaut32.lib uuid.lib odbc32.lib odbccp32.lib /MANIFEST /MANIFESTUAC:"level='asInvoker' uiAccess='false'" /manifest:embed /DEBUG /PDB:"D:\programming_labs\PP_open_mp\parprog-2018-1\groups\1506-2\tsirulev_as\1-test-version\solver\solver_01\Release\solver_01.pdb" /SUBSYSTEM:CONSOLE /OPT:REF /OPT:ICF /LTCG /TLBID:1 /DYNAMICBASE /NXCOMPAT /IMPLIB:"D:\programming_labs\PP_open_mp\parprog-2018-1\groups\1506-2\tsirulev_as\1-test-version\solver\solver_01\Release\solver_01.lib" /MACHINE:X86 /SAFESEH Release\Source.obj
         Generating code
         Finished generating code
         solver_01.vcxproj -> D:\programming_labs\PP_open_mp\parprog-2018-1\groups\1506-2\tsirulev_as\1-test-version\solver\solver_01\Release\solver_01.exe
     1>Done Building Project "D:\programming_labs\PP_open_mp\parprog-2018-1\groups\1506-2\tsirulev_as\1-test-version\solver\solver_01\solver_01\solver_01.vcxproj" (Build target(s)).

Build succeeded.

Time Elapsed 00:00:00.72
