D:\PROGRAMMING_LABS\PP_OPEN_MP\PARPROG-2018-1\GROUPS\1506-2\TSIRULEV_AS\1-TEST-VERSION\SOLVER\SOLVER_01\SOLVER_01\DEBUG\SOURCE.OBJ
D:\PROGRAMMING_LABS\PP_OPEN_MP\PARPROG-2018-1\GROUPS\1506-2\TSIRULEV_AS\1-TEST-VERSION\SOLVER\SOLVER_01\SOLVER_01\DEBUG\VC110.PDB
D:\PROGRAMMING_LABS\PP_OPEN_MP\PARPROG-2018-1\GROUPS\1506-2\TSIRULEV_AS\1-TEST-VERSION\SOLVER\SOLVER_01\DEBUG\SOLVER_01.ILK
D:\PROGRAMMING_LABS\PP_OPEN_MP\PARPROG-2018-1\GROUPS\1506-2\TSIRULEV_AS\1-TEST-VERSION\SOLVER\SOLVER_01\DEBUG\SOLVER_01.EXE
D:\PROGRAMMING_LABS\PP_OPEN_MP\PARPROG-2018-1\GROUPS\1506-2\TSIRULEV_AS\1-TEST-VERSION\SOLVER\SOLVER_01\DEBUG\SOLVER_01.PDB
D:\programming_labs\PP_open_mp\parprog-2018-1\groups\1506-2\tsirulev_as\1-test-version\solver\solver_01\solver_01\Debug\Source.obj
D:\programming_labs\PP_open_mp\parprog-2018-1\groups\1506-2\tsirulev_as\1-test-version\solver\solver_01\solver_01\Debug\cl.command.1.tlog
D:\programming_labs\PP_open_mp\parprog-2018-1\groups\1506-2\tsirulev_as\1-test-version\solver\solver_01\solver_01\Debug\CL.read.1.tlog
D:\programming_labs\PP_open_mp\parprog-2018-1\groups\1506-2\tsirulev_as\1-test-version\solver\solver_01\solver_01\Debug\CL.write.1.tlog
D:\programming_labs\PP_open_mp\parprog-2018-1\groups\1506-2\tsirulev_as\1-test-version\solver\solver_01\solver_01\Debug\link-cvtres.read.1.tlog
D:\programming_labs\PP_open_mp\parprog-2018-1\groups\1506-2\tsirulev_as\1-test-version\solver\solver_01\solver_01\Debug\link-cvtres.write.1.tlog
D:\programming_labs\PP_open_mp\parprog-2018-1\groups\1506-2\tsirulev_as\1-test-version\solver\solver_01\solver_01\Debug\link-rc.read.1.tlog
D:\programming_labs\PP_open_mp\parprog-2018-1\groups\1506-2\tsirulev_as\1-test-version\solver\solver_01\solver_01\Debug\link-rc.write.1.tlog
D:\programming_labs\PP_open_mp\parprog-2018-1\groups\1506-2\tsirulev_as\1-test-version\solver\solver_01\solver_01\Debug\link.command.1.tlog
D:\programming_labs\PP_open_mp\parprog-2018-1\groups\1506-2\tsirulev_as\1-test-version\solver\solver_01\solver_01\Debug\link.read.1.tlog
D:\programming_labs\PP_open_mp\parprog-2018-1\groups\1506-2\tsirulev_as\1-test-version\solver\solver_01\solver_01\Debug\link.write.1.tlog
D:\programming_labs\PP_open_mp\parprog-2018-1\groups\1506-2\tsirulev_as\1-test-version\solver\solver_01\solver_01\Debug\vc110.idb
D:\programming_labs\PP_open_mp\parprog-2018-1\groups\1506-2\tsirulev_as\1-test-version\solver\solver_01\solver_01\Debug\vc110.pdb
D:\programming_labs\PP_open_mp\parprog-2018-1\groups\1506-2\tsirulev_as\1-test-version\solver\solver_01\Debug\solver_01.pdb
D:\programming_labs\PP_open_mp\parprog-2018-1\groups\1506-2\tsirulev_as\1-test-version\solver\solver_01\Debug\solver_01.exe
D:\programming_labs\PP_open_mp\parprog-2018-1\groups\1506-2\tsirulev_as\1-test-version\solver\solver_01\Debug\solver_01.ilk
