Build started 17.03.2018 19:32:56.
     1>Project "C:\Users\Alexander\Desktop\LAB — копия — копия\solver_01\solver_01\solver_01.vcxproj" on node 2 (Build target(s)).
     1>ClCompile:
         C:\Program Files (x86)\Microsoft Visual Studio 11.0\VC\bin\CL.exe /c /ZI /nologo /W3 /WX- /Od /Oy- /D WIN32 /D _DEBUG /D _CONSOLE /D _UNICODE /D UNICODE /Gm /EHsc /RTC1 /MDd /GS /fp:precise /Zc:wchar_t /Zc:forScope /Fo"Debug\\" /Fd"Debug\vc110.pdb" /Gd /TP /analyze- /errorReport:prompt Source.cpp
         Source.cpp
     1>c:\users\alexander\desktop\lab — копия — копия\solver_01\solver_01\source.cpp(123): warning C4018: '<' : signed/unsigned mismatch
     1>c:\users\alexander\desktop\lab — копия — копия\solver_01\solver_01\source.cpp(129): warning C4018: '<' : signed/unsigned mismatch
     1>c:\users\alexander\desktop\lab — копия — копия\solver_01\solver_01\source.cpp(146): warning C4996: 'fopen': This function or variable may be unsafe. Consider using fopen_s instead. To disable deprecation, use _CRT_SECURE_NO_WARNINGS. See online help for details.
                 c:\program files (x86)\microsoft visual studio 11.0\vc\include\stdio.h(218) : see declaration of 'fopen'
     1>c:\users\alexander\desktop\lab — копия — копия\solver_01\solver_01\source.cpp(185): warning C4996: 'fopen': This function or variable may be unsafe. Consider using fopen_s instead. To disable deprecation, use _CRT_SECURE_NO_WARNINGS. See online help for details.
                 c:\program files (x86)\microsoft visual studio 11.0\vc\include\stdio.h(218) : see declaration of 'fopen'
     1>c:\users\alexander\desktop\lab — копия — копия\solver_01\solver_01\source.cpp(138): warning C4101: 'Index' : unreferenced local variable
     1>c:\users\alexander\desktop\lab — копия — копия\solver_01\solver_01\source.cpp(138): warning C4101: 'not_null_elements_in_one_col' : unreferenced local variable
     1>c:\users\alexander\desktop\lab — копия — копия\solver_01\solver_01\source.cpp(147): warning C4101: 'buf_Row' : unreferenced local variable
     1>c:\users\alexander\desktop\lab — копия — копия\solver_01\solver_01\source.cpp(147): warning C4101: 'buf_Ind' : unreferenced local variable
     1>c:\users\alexander\desktop\lab — копия — копия\solver_01\solver_01\source.cpp(148): warning C4101: 'buf_d' : unreferenced local variable
     1>c:\users\alexander\desktop\lab — копия — копия\solver_01\solver_01\source.cpp(138): warning C4101: 'k' : unreferenced local variable
     1>c:\users\alexander\desktop\lab — копия — копия\solver_01\solver_01\source.cpp(138): warning C4101: 'm_size' : unreferenced local variable
       Link:
         C:\Program Files (x86)\Microsoft Visual Studio 11.0\VC\bin\link.exe /ERRORREPORT:PROMPT /OUT:"C:\Users\Alexander\Desktop\LAB — копия — копия\solver_01\Debug\solver.exe" /INCREMENTAL /NOLOGO kernel32.lib user32.lib gdi32.lib winspool.lib comdlg32.lib advapi32.lib shell32.lib ole32.lib oleaut32.lib uuid.lib odbc32.lib odbccp32.lib /MANIFEST /MANIFESTUAC:"level='asInvoker' uiAccess='false'" /manifest:embed /DEBUG /PDB:"C:\Users\Alexander\Desktop\LAB — копия — копия\solver_01\Debug\solver.pdb" /SUBSYSTEM:CONSOLE /TLBID:1 /DYNAMICBASE /NXCOMPAT /IMPLIB:"C:\Users\Alexander\Desktop\LAB — копия — копия\solver_01\Debug\solver.lib" /MACHINE:X86 Debug\Source.obj
         solver_01.vcxproj -> C:\Users\Alexander\Desktop\LAB — копия — копия\solver_01\Debug\solver.exe
     1>Done Building Project "C:\Users\Alexander\Desktop\LAB — копия — копия\solver_01\solver_01\solver_01.vcxproj" (Build target(s)).

Build succeeded.

Time Elapsed 00:00:01.08
