D:\ПАПКИ\ВУЗ методички\3 курс\ПП\OPENMP\MATRIX_GENERATOR\MATRIX_GENERATOR\DEBUG\GENERATOR.OBJ
D:\ПАПКИ\ВУЗ МЕТОДИЧКИ\3 КУРС\ПП\OPENMP\MATRIX_GENERATOR\MATRIX_GENERATOR\DEBUG\VC110.PDB
D:\ПАПКИ\ВУЗ методички\3 курс\ПП\OPENMP\MATRIX_GENERATOR\DEBUG\MATRIX_GENERATOR.ILK
D:\ПАПКИ\ВУЗ методички\3 курс\ПП\OPENMP\MATRIX_GENERATOR\DEBUG\MATRIX_GENERATOR.EXE
D:\ПАПКИ\ВУЗ МЕТОДИЧКИ\3 КУРС\ПП\OPENMP\MATRIX_GENERATOR\DEBUG\MATRIX_GENERATOR.PDB
D:\ПАПКИ\ВУЗ методички\3 курс\ПП\OpenMP\matrix_generator\matrix_generator\Debug\generator.obj
D:\ПАПКИ\ВУЗ методички\3 курс\ПП\OpenMP\matrix_generator\matrix_generator\Debug\cl.command.1.tlog
D:\ПАПКИ\ВУЗ методички\3 курс\ПП\OpenMP\matrix_generator\matrix_generator\Debug\CL.read.1.tlog
D:\ПАПКИ\ВУЗ методички\3 курс\ПП\OpenMP\matrix_generator\matrix_generator\Debug\CL.write.1.tlog
D:\ПАПКИ\ВУЗ методички\3 курс\ПП\OpenMP\matrix_generator\matrix_generator\Debug\link-cvtres.read.1.tlog
D:\ПАПКИ\ВУЗ методички\3 курс\ПП\OpenMP\matrix_generator\matrix_generator\Debug\link-cvtres.write.1.tlog
D:\ПАПКИ\ВУЗ методички\3 курс\ПП\OpenMP\matrix_generator\matrix_generator\Debug\link-rc.read.1.tlog
D:\ПАПКИ\ВУЗ методички\3 курс\ПП\OpenMP\matrix_generator\matrix_generator\Debug\link-rc.write.1.tlog
D:\ПАПКИ\ВУЗ методички\3 курс\ПП\OpenMP\matrix_generator\matrix_generator\Debug\link.command.1.tlog
D:\ПАПКИ\ВУЗ методички\3 курс\ПП\OpenMP\matrix_generator\matrix_generator\Debug\link.read.1.tlog
D:\ПАПКИ\ВУЗ методички\3 курс\ПП\OpenMP\matrix_generator\matrix_generator\Debug\link.write.1.tlog
D:\ПАПКИ\ВУЗ методички\3 курс\ПП\OpenMP\matrix_generator\matrix_generator\Debug\vc110.idb
D:\ПАПКИ\ВУЗ методички\3 курс\ПП\OpenMP\matrix_generator\matrix_generator\Debug\vc110.pdb
D:\ПАПКИ\ВУЗ методички\3 курс\ПП\OpenMP\matrix_generator\Debug\matrix_generator.pdb
D:\ПАПКИ\ВУЗ методички\3 курс\ПП\OpenMP\matrix_generator\Debug\matrix_generator.exe
D:\ПАПКИ\ВУЗ методички\3 курс\ПП\OpenMP\matrix_generator\Debug\matrix_generator.ilk
